
PKUNZIP (R)    FAST!    Extract Utility    Version 2.04g  02-01-93
Copr. 1989-1993 PKWARE Inc. All Rights Reserved. Shareware Version
PKUNZIP Reg. U.S. Pat. and Tm. Off.

þ XMS version 3.00 detected.

Searching ZIP: DFMAP.ZIP

 Length  Method   Size  Ratio   Date    Time    CRC-32  Attr  Name
 ------  ------   ----- -----   ----    ----   -------- ----  ----
      0  Stored       0   0%  25-03-94  21:39  00000000 --wD  DFMAP/
      0  Stored       0   0%  25-03-94  21:39  00000000 --wD  LISTS/
      0  Stored       0   0%  25-03-94  21:39  00000000 --wD  KONG/
      0  Stored       0   0%  25-03-94  21:40  00000000 --wD  FLOPPY/
      0  Stored       0   0%  25-03-94  21:40  00000000 --wD  BUG/
      0  Stored       0   0%  25-03-94  21:40  00000000 --wD  TRYOUTS/
      0  Stored       0   0%  25-03-94  21:41  00000000 --wD  FIXER/
      0  Stored       0   0%  25-03-94  21:41  00000000 --wD  PACKER/
   1950  DeflatN    685  65%  12-06-93  07:33  5d01de12 --w-  MAKEDIST.BAT
   1568  DeflatN    240  85%  12-06-93  02:30  5245aa01 --w-  JOURNAL.VCS
    189  DeflatN    114  40%  14-04-90  02:31  c6940d03 --w-  DFMGLBLS.DIF
      0  Stored       0   0%  13-05-94  00:07  00000000 --wD  SOURCE/
      0  Stored       0   0%  25-03-94  22:10  00000000 --wD  MISC/
      0  Stored       0   0%  25-03-94  22:11  00000000 --wD  OLD-BAT/
   2744  DeflatN   1411  49%  12-06-93  07:45  ccd2bd6c --w-  DFM.MSG
   2231  DeflatN    991  56%  12-06-93  06:50  5a9a74f4 --w-  NEW.MSG
   5160  DeflatN   1592  70%  29-03-90  16:23  7229063e --w-  LISTS/ZR-BETA.LST
   4980  DeflatN   1570  69%  29-03-90  16:22  0260c6a6 --w-  LISTS/ZR-ALPHA.LST
   5163  DeflatN   1378  74%  29-03-90  16:21  324e190f --w-  LISTS/ZIRCONIA.LST
   5163  DeflatN   1296  75%  29-03-90  16:12  c5dbe62b --w-  LISTS/Y-BA-CUO.LST
   4974  DeflatN   1275  75%  29-03-90  16:11  fa805169 --w-  LISTS/URANIA.LST
   4797  DeflatN   1251  74%  29-03-90  16:10  6f49e6fb --w-  LISTS/TUNGSTEN.LST
   4782  DeflatN   1165  76%  29-03-90  16:09  314f1af7 --w-  LISTS/TIN.LST
   4977  DeflatN   1374  73%  29-03-90  16:08  12504303 --w-  LISTS/TI-BETA.LST
   4980  DeflatN   1382  73%  29-03-90  16:07  3a4182cb --w-  LISTS/TI-ALPHA.LST
   4977  DeflatN   1213  76%  29-03-90  16:06  210c0d20 --w-  LISTS/T-STEEL.LST
   4974  DeflatN   1290  75%  29-03-90  16:05  9aee9793 --w-  LISTS/SS-316.LST
   4791  DeflatN   1248  74%  29-03-90  16:04  ea8ae8e6 --w-  LISTS/SILVER.LST
   4794  DeflatN   1263  74%  29-03-90  16:04  14b1a631 --w-  LISTS/SILICON.LST
   5331  DeflatN   1436  74%  29-03-90  16:03  1a204453 --w-  LISTS/SIC.LST
   5337  DeflatN   1385  75%  29-03-90  16:02  0d5ac108 --w-  LISTS/SI3N4.LST
   4797  DeflatN   1347  72%  29-03-90  16:01  788240d0 --w-  LISTS/ROCKSALT.LST
   4800  DeflatN   1163  76%  29-03-90  16:00  30c17162 --w-  LISTS/POTASSIU.LST
   4791  DeflatN   1239  75%  29-03-90  15:59  cd8fb637 --w-  LISTS/NICKEL.LST
   4794  DeflatN   1173  76%  29-03-90  15:58  bc8da911 --w-  LISTS/MOLYBDM.LST
   4979  DeflatN   1147  77%  29-03-90  15:57  8c75af3d --w-  LISTS/MO-TEST.LST
   5163  DeflatN   1278  76%  29-03-90  15:56  fe14b717 --w-  LISTS/MAR-M200.LST
   4980  DeflatN   1261  75%  29-03-90  15:55  0221c34b --w-  LISTS/MAGNESIA.LST
   5151  DeflatN   1294  75%  29-03-90  15:54  db3c0bdf --w-  LISTS/INSB.LST
   4968  DeflatN   1307  74%  29-03-90  15:54  cae45a6b --w-  LISTS/LEAD.LST
   4983  DeflatN   1287  75%  29-03-90  15:53  6cb36ded --w-  LISTS/GERMANIU.LST
   4980  DeflatN   1244  76%  29-03-90  15:52  05127e05 --w-  LISTS/FE-DELTA.LST
   4791  DeflatN   1263  74%  29-03-90  15:51  ca703c97 --w-  LISTS/COPPER.LST
   4980  DeflatN   1330  74%  29-03-90  15:51  6a2e2658 --w-  LISTS/FE-ALPHA.LST
   4800  DeflatN   1207  75%  29-03-90  15:50  4c54a2a6 --w-  LISTS/CO-EPSLO.LST
   5529  DeflatN   1256  78%  29-03-90  15:49  d0b26c4c --w-  LISTS/CAMPHENE.LST
   4983  DeflatN   1234  76%  29-03-90  15:48  16d0640c --w-  LISTS/ALUMINIU.LST
   4977  DeflatN   1323  74%  29-03-90  15:47  a7d95672 --w-  LISTS/ALUMINA.LST
   3317  DeflatN   1266  62%  04-01-91  13:26  618baca6 --w-  KONG/INIT.PAS
   1201  DeflatN    296  76%  04-01-91  13:26  2e257075 --w-  KONG/TURBO.PCK
   6413  DeflatN   2332  64%  03-03-90  20:20  cb868c1b --w-  KONG/HPCOPY.PAS
   3024  DeflatN   1173  62%  03-03-90  17:22  2cb06434 --w-  KONG/GRAPHPRN.PAS
    311  DeflatN    102  68%  11-11-89  00:42  7114c1b0 --w-  KONG/MAGIC.PAR
   5640  DeflatN   1616  72%  11-11-89  00:41  28a03cf8 --w-  KONG/TMAIN.PAS
    128  DeflatN     78  40%  11-11-89  00:31  fb41e7a7 --w-  KONG/MAGIC.VBL
  21160  DeflatN   5492  75%  11-11-89  00:25  698e17f1 --w-  KONG/THELP.PAS
  63400  DeflatN  12496  81%  10-11-89  00:06  2b357901 --w-  KONG/TGLOBAL.PAS
  23280  DeflatN   6502  73%  21-06-89  04:13  cfc69201 --w-  KONG/TEMPMAP4.PAS
  13205  DeflatN   4090  70%  01-06-89  08:21  5a95d948 --w-  KONG/GRAF3.PAS
    870  DeflatN    384  56%  01-06-89  06:46  76cfcf8c --w-  KONG/TEMPMAP1.PAS
   8368  DeflatN   2559  70%  07-06-89  10:28  13044f89 --w-  KONG/CHECK.PAS
  13042  DeflatN   2481  81%  18-03-90  16:56  f02421ae --w-  KONG/DATACHEK.PRC
   6348  DeflatN   4446  30%  23-10-90  06:00  985b3afa --w-  FLOPPY/ATT.BGI
   6332  DeflatN   4415  31%  23-10-90  06:00  5f4c2b51 --w-  FLOPPY/CGA.BGI
    218  DeflatN    178  19%  05-12-91  02:03  aa48649e --w-  FLOPPY/DFM.BAT
  18321  DeflatN   6923  63%  07-06-93  00:53  0767480b --w-  FLOPPY/COPYING
    247  DeflatN    227   9%  12-06-93  07:15  800f4558 --w-  FLOPPY/DFMAP.DOC
   5554  DeflatN   4049  28%  23-10-90  06:00  116c5498 --w-  FLOPPY/EGAVGA.BGI
   7204  DeflatN   2865  61%  06-02-87  12:00  d768c728 --w-  FLOPPY/GRAPHCPQ.COM
   3300  DeflatN   2014  39%  17-03-87  12:00  a99642bb --w-  FLOPPY/GRAPHICS.COM
    340  DeflatN    202  41%  23-03-90  12:10  1d24ff77 --w-  FLOPPY/HELP.BAT
   6204  DeflatN   4398  30%  23-10-90  06:00  ac360ec1 --w-  FLOPPY/HERC.BGI
   1618  DeflatN   1281  21%  20-08-86  00:00  a85da526 --w-  FLOPPY/HGC.COM
   6665  DeflatN   3464  49%  23-10-90  06:00  0350d1bd --w-  FLOPPY/IBM8514.BGI
   2744  DeflatN   1411  49%  12-06-93  07:45  ccd2bd6c --w-  FLOPPY/DFM.MSG
     20  Stored      20   0%  12-06-93  06:33  409abc19 --w-  FLOPPY/README.BAT
   9984  DeflatN   5917  41%  26-09-85  14:41  d59614c0 --w-  FLOPPY/MEMMAP.COM
   1280  DeflatN    609  53%  26-09-85  14:41  a8a8a729 --w-  FLOPPY/MEMMAP.DOC
   6012  DeflatN   4224  30%  23-10-90  06:00  dcc0f8d3 --w-  FLOPPY/PC3270.BGI
   8501  DeflatN   3988  54%  12-06-93  06:32  9434b4bc --w-  FLOPPY/README
   1152  DeflatN    313  73%  05-12-91  02:03  4380b83b --w-  FLOPPY/RUNALL.BAT
  17040  DeflatN   9973  42%  31-12-87  04:00  592746b5 --w-  FLOPPY/TEXTSORT.EXE
   2400  DeflatN    979  60%  12-06-93  07:26  f83be794 --w-  FLOPPY/LIST
    438  DeflatN    274  38%  05-12-91  02:10  719a1606 --r-  FLOPPY/BF-FIX.BAT
    529  DeflatN    302  43%  12-06-93  04:46  0bed70cc --r-  FLOPPY/BF-IND.BAT
    238  DeflatN    206  14%  05-12-91  02:03  0256f790 --r-  FLOPPY/BF.BAT
     29  Stored      29   0%  05-12-91  02:03  ed73c20b --w-  FLOPPY/CU.BAT
    438  DeflatN    274  38%  05-12-91  02:15  53c3cf46 --r-  FLOPPY/MF-FIX.BAT
    238  DeflatN    206  14%  05-12-91  02:03  af64c244 --r-  FLOPPY/MF.BAT
    153  DeflatN    128  17%  12-06-93  06:12  f1814071 --w-  FLOPPY/VCS-BAK.CFG
    153  DeflatN    128  17%  12-06-93  06:12  f1814071 --w-  FLOPPY/VCS.CFG
  53684  DeflatN   7958  86%  24-05-90  19:09  ffa61c36 --r-  FLOPPY/MATLPARS.DAT
  10623  DeflatN   2605  76%  24-05-90  14:27  4c38384b --r-  FLOPPY/MATLREFS.DAT
   1924  DeflatN    604  69%  08-05-90  18:00  57756794 --w-  FLOPPY/NI.DAT
 140560  DeflatN  56741  60%  12-06-93  04:28  7cde5e0a --w-  FLOPPY/DFM290.EXE
 142448  DeflatN  57333  60%  12-06-93  05:45  33813f26 --w-  FLOPPY/DFMFIX.EXE
  12758  DeflatN   7563  41%  29-10-90  02:01  3b3e8f38 --w-  FLOPPY/TDSTRIP.EXE
      5  Stored       5   0%  12-06-93  06:38  9866bffb --w-  FLOPPY/Y.TXT
      0  Stored       0   0%  25-03-94  21:40  00000000 --wD  BUG/T4/
  60728  DeflatN  47660  22%  06-02-89  19:36  048c75bf --w-  BUG/BUG2.ARC
   1226  DeflatN    256  80%  06-02-89  19:24  0bbacb5c --w-  BUG/TURBO.TP
  90631  DeflatN  88897   2%  01-02-89  23:14  9c95e3c5 --w-  BUG/BUG.ARC
    985  DeflatN    573  42%  01-02-89  22:53  a6de3e7c --w-  BUG/T4/BUG.TXT
  16208  DeflatN   9402  42%  20-04-88  19:40  c8848127 --w-  BUG/T4/T4BUG1S.EXE
   5524  DeflatN   1570  72%  01-05-90  23:54  922d2e2c --w-  TRYOUTS/OLD_CNTR.PAS
   1129  DeflatN    548  52%  19-04-90  16:48  0b825c6f --w-  TRYOUTS/MEMFUNC.PAS
   5522  DeflatN   1565  72%  19-04-90  13:41  6e9042c4 --w-  TRYOUTS/CONTOURS.PAS
   4187  DeflatN   1302  69%  18-04-90  13:35  1cd4a564 --w-  TRYOUTS/TEXTEDIT.PAS
   3127  DeflatN   1191  62%  13-01-89  18:35  0d705538 --w-  TRYOUTS/MIXUP.PAS
   2251  DeflatN    855  63%  07-07-88  18:00  68d96758 --w-  TRYOUTS/NODUPL.PAS
   6300  DeflatN   2245  65%  24-06-88  21:41  e19b331b --w-  TRYOUTS/SCAN.PAS
   1407  DeflatN    613  57%  26-05-88  17:26  ccc3e6f4 --w-  TRYOUTS/TESTIT.PAS
   5365  DeflatN   1568  71%  31-12-87  04:00  501d9bcc --w-  TRYOUTS/EDITLN.PAS
   3279  DeflatN   1111  67%  31-12-87  04:00  42bb3ed7 --w-  TRYOUTS/REALCONV.PAS
    711  DeflatN    234  68%  06-05-88  19:05  ca9c9440 --w-  FIXER/PAR-ALL.BAT
    711  DeflatN    234  68%  06-05-88  19:04  29e33e15 --w-  FIXER/VBL-ALL.BAT
   2596  DeflatN    816  69%  06-05-88  18:55  3a1b83ee --w-  FIXER/FIXVBL.PAS
   3018  DeflatN   1121  63%  03-05-88  18:41  0568f8c8 --w-  FIXER/FIXPAR.PAS
   2841  DeflatN   1066  63%  29-04-88  13:52  1de2ff29 --w-  FIXER/CNVTPAR.PAS
   2911  DeflatN    957  68%  07-04-88  20:59  68cf9e31 --w-  FIXER/CNVTVBL.PAS
   2840  DeflatN   1066  63%  07-04-88  19:43  80b81a6c --w-  FIXER/CNVTDFM.PAS
   8049  DeflatN   2416  70%  12-03-90  12:30  e7483dce --w-  PACKER/MATLREFS.DAT
    348  DeflatN    178  49%  12-03-90  12:30  a1c4113b --w-  PACKER/PACKDATA.LST
    382  DeflatN    156  60%  12-03-90  12:30  2d8f1da5 --w-  PACKER/PACKLIST.LST
   3714  DeflatN   1336  65%  12-03-90  10:48  527fead7 --w-  PACKER/PACK-REF.PAS
    392  DeflatN    171  57%  12-03-90  10:38  4117c52a --w-  PACKER/PACKREFS.LST
   6816  DeflatN   2042  71%  25-06-88  12:27  46cc3c00 --w-  PACKER/PACK-VBL.PAS
   5095  DeflatN   1760  66%  24-06-88  17:48  bf2adf9b --w-  PACKER/PACK-R.PAS
   5020  DeflatN   1849  64%  29-01-88  16:58  0a3cc569 --w-  PACKER/PACK.PAS
  16283  DeflatN   4443  73%  12-06-93  04:13  d7616e15 --r-  SOURCE/CONTOURS.PAS
   2255  DeflatN    996  56%  12-06-93  04:11  64cb0870 --w-  SOURCE/DFM290.PAS
  34053  DeflatN   7931  77%  12-06-93  04:11  f52a2ffc --w-  SOURCE/DFMEDITS.PAS
  32716  DeflatN   7029  79%  12-06-93  04:11  0fd64fee --w-  SOURCE/DFMFILES.PAS
  39918  DeflatN  11083  73%  12-06-93  04:30  a8a9a72e --w-  SOURCE/DFMGLBLS.PAS
  26297  DeflatN   7049  74%  12-06-93  04:12  643cb0aa --w-  SOURCE/DFMMAIN.PAS
  29177  DeflatN   9379  68%  12-06-93  04:12  5f43315b --w-  SOURCE/DFMMODLS.PAS
  63634  DeflatN  18127  72%  12-06-93  04:12  0d56b3fc --w-  SOURCE/DFMPLOTS.PAS
  13528  DeflatN   4273  69%  12-06-93  04:12  b78781a5 --r-  SOURCE/LOOPS.PAS
   7874  DeflatN   2526  68%  12-06-93  04:13  0e60f6c0 --w-  SOURCE/OLD_CNTR.PAS
   1201  DeflatN    320  74%  04-01-91  17:42  372e692a --w-  SOURCE/TURBO.PCK
    559  DeflatN    222  61%  04-01-91  22:53  e2decd59 --w-  SOURCE/TDCONFIG.TD
   1226  DeflatN    281  78%  14-04-90  03:33  7041ae2f --w-  SOURCE/TURBO.TP
      0  Stored       0   0%  13-05-94  00:14  00000000 --wD  SOURCE/VCSFILES/
    438  DeflatN    274  38%  05-12-91  02:10  719a1606 --w-  SOURCE/BF-FIX.BAT
    529  DeflatN    302  43%  12-06-93  04:46  0bed70cc --w-  SOURCE/BF-IND.BAT
    238  DeflatN    206  14%  05-12-91  02:03  0256f790 --w-  SOURCE/BF.BAT
  53684  DeflatN   7958  86%  24-05-90  19:09  ffa61c36 --w-  SOURCE/MATLPARS.DAT
  10623  DeflatN   2605  76%  24-05-90  14:27  4c38384b --w-  SOURCE/MATLREFS.DAT
    215  DeflatN    144  34%  21-03-90  14:01  6b67aa66 --w-  SOURCE/COMPRESS.TXT
   1491  DeflatN    902  40%  24-05-90  21:05  fcb19899 --w-  SOURCE/DEVELOP.TXT
    438  DeflatN    274  38%  05-12-91  02:15  53c3cf46 --w-  SOURCE/MF-FIX.BAT
    238  DeflatN    206  14%  05-12-91  02:03  af64c244 --w-  SOURCE/MF.BAT
  16497  DeflatN   5031  70%  25-03-90  00:30  43413b07 --w-  SOURCE/STRINGIO.PAS
    153  DeflatN    128  17%  12-06-93  06:12  f1814071 --w-  SOURCE/VCS.CFG
    238  DeflatN    206  14%  05-12-91  02:03  0256f790 --w-  SOURCE/B-FAST.BAT
    428  DeflatN    274  36%  05-12-91  02:03  3567e573 --w-  SOURCE/BILD-FIX.BAT
    184  DeflatN    148  20%  05-12-91  02:03  34d523c8 --w-  SOURCE/BILD-IND.BAT
    221  DeflatN    187  16%  05-12-91  02:03  7784cc83 --w-  SOURCE/BILD6-0.BAT
    228  DeflatN    189  18%  05-12-91  02:03  ba9035a8 --w-  SOURCE/BILD6-1.BAT
    190  DeflatN    156  18%  05-12-91  02:03  35e1dc3d --w-  SOURCE/BILD6-2.BAT
     29  Stored      29   0%  05-12-91  02:03  ed73c20b --w-  SOURCE/CU.BAT
    218  DeflatN    178  19%  05-12-91  02:03  aa48649e --w-  SOURCE/DFM.BAT
    160  DeflatN     67  59%  05-12-91  02:03  f364be22 --w-  SOURCE/DOFLOPPY.BAT
     22  Stored      22   0%  05-12-91  02:03  8d2e7e5f --w-  SOURCE/F.BAT
    340  DeflatN    202  41%  05-12-91  02:03  1d24ff77 --w-  SOURCE/HELP.BAT
     78  DeflatN     66  16%  05-12-91  02:03  b91362b9 --w-  SOURCE/INDENT.BAT
    238  DeflatN    206  14%  05-12-91  02:03  af64c244 --w-  SOURCE/M-FAST.BAT
    430  DeflatN    277  36%  05-12-91  02:03  7a54df67 --w-  SOURCE/MAKE-FIX.BAT
    221  DeflatN    187  16%  05-12-91  02:03  230c0f1e --w-  SOURCE/MAKE6-0.BAT
    228  DeflatN    188  18%  05-12-91  02:03  cc90ee20 --w-  SOURCE/MAKE6-1.BAT
    190  DeflatN    156  18%  05-12-91  02:03  767e4af3 --w-  SOURCE/MAKE6-2.BAT
   1152  DeflatN    313  73%  05-12-91  02:03  4380b83b --w-  SOURCE/RUNALL.BAT
   8502  DeflatN   3987  54%  29-05-90  11:01  c193d406 --w-  SOURCE/README
  86016  DeflatN  32180  63%  13-04-90  03:55  e66b7fa0 --w-  SOURCE/DFM290-2.DOC
   2048  DeflatN    736  65%  13-04-90  02:40  e0d244e8 --w-  SOURCE/DFM290.STY
   1024  DeflatN    334  68%  12-04-90  15:57  cf78efb6 --w-  SOURCE/DFM-IDX2.DOC
   2560  DeflatN    805  69%  12-04-90  15:31  6e51397a --w-  SOURCE/DFM-IDX1.DOC
   2806  DeflatN   1323  53%  12-06-93  04:33  e4d519a9 --r-  SOURCE/VCSFILES/DFM290.PAV
  34614  DeflatN   8350  76%  12-06-93  04:34  41e172ad --r-  SOURCE/VCSFILES/DFMEDITS.PAV
  16910  DeflatN   4805  72%  12-06-93  04:34  0f47bddb --r-  SOURCE/VCSFILES/CONTOURS.PAV
  33343  DeflatN   7416  78%  12-06-93  04:34  dba6135d --r-  SOURCE/VCSFILES/DFMFILES.PAV
  44538  DeflatN  11887  74%  12-06-93  04:34  30099877 --r-  SOURCE/VCSFILES/DFMGLBLS.PAV
    742  DeflatN    470  37%  12-06-93  04:47  159c81cd --r-  SOURCE/VCSFILES/BF-IND.BAV
   4112  DeflatN    519  88%  12-06-93  04:47  0e6e5d7e --w-  SOURCE/VCSFILES/JOURNAL.VCS
    447  DeflatN    366  19%  12-06-93  04:46  0c8ea850 --r-  SOURCE/VCSFILES/BF.BAV
    651  DeflatN    463  29%  12-06-93  04:46  62389f85 --r-  SOURCE/VCSFILES/BF-FIX.BAV
    651  DeflatN    462  30%  12-06-93  04:46  1c8ac18f --r-  SOURCE/VCSFILES/MF-FIX.BAV
    447  DeflatN    367  18%  12-06-93  04:46  b80c8c48 --r-  SOURCE/VCSFILES/MF.BAV
  10873  DeflatN   2818  75%  12-06-93  04:35  925a0754 --r-  SOURCE/VCSFILES/MATLREFS.DAV
  53934  DeflatN   8264  85%  12-06-93  04:35  2db1d6bc --r-  SOURCE/VCSFILES/MATLPARS.DAV
   8501  DeflatN   2871  67%  12-06-93  04:35  6e314ae5 --r-  SOURCE/VCSFILES/OLD_CNTR.PAV
  14149  DeflatN   4627  68%  12-06-93  04:35  14679cb8 --r-  SOURCE/VCSFILES/LOOPS.PAV
  64263  DeflatN  18536  72%  12-06-93  04:34  c36999ad --r-  SOURCE/VCSFILES/DFMPLOTS.PAV
  29867  DeflatN   9807  68%  12-06-93  04:34  b7347d17 --r-  SOURCE/VCSFILES/DFMMODLS.PAV
  26993  DeflatN   7430  73%  12-06-93  04:34  670a475c --r-  SOURCE/VCSFILES/DFMMAIN.PAV
   2964  DeflatN    921  69%  31-12-87  04:00  26b06c02 --w-  MISC/MISCTOOL.PAS
   3024  DeflatN   1173  62%  03-03-90  17:22  2cb06434 --w-  MISC/GRAPHPRN.PAS
   6456  DeflatN   2362  64%  12-06-93  02:23  d4862edc --w-  MISC/HPCOPY.PAS
   7420  DeflatN   2080  72%  23-05-90  19:56  21d9baad --w-  MISC/HPUNIT.PAS
  16331  DeflatN   4941  70%  13-01-89  15:56  270050f0 --w-  MISC/STRINGIO.PAS
      0  Stored       0   0%  13-05-94  00:03  00000000 --wD  MISC/OLD-REFS/
    566  DeflatN    350  39%  29-03-88  12:05  29b0a666 --w-  MISC/AUTOEXEC.BAT
     75  DeflatN     70   7%  15-01-88  17:01  32608531 --w-  MISC/CONFIG.SYS
  20096  DeflatN  12589  38%  12-05-94  23:15  e5627c3d --w-  MISC/OLD-DATA.ZIP
  12242  DeflatN   8694  29%  27-04-87  00:00  97a6df4b --w-  MISC/PKXARC.COM
   1158  DeflatN    203  83%  19-05-88  20:15  02e01fb7 --w-  MISC/OLD-REFS/ALPHA-FE.REF
   1158  DeflatN    193  84%  19-05-88  20:24  cbb90a89 --w-  MISC/OLD-REFS/ALPHA-TI.REF
   1158  DeflatN    364  69%  19-05-88  20:35  8a46f6fa --w-  MISC/OLD-REFS/ALPHA-ZR.REF
   1158  DeflatN    208  83%  14-05-89  15:08  a964b9e7 --w-  MISC/OLD-REFS/ALUMINA.REF
   1158  DeflatN    193  84%  19-05-88  20:24  cbb90a89 --w-  MISC/OLD-REFS/BETA-TI.REF
   1158  DeflatN    180  85%  19-05-88  20:41  43426f77 --w-  MISC/OLD-REFS/BETA-ZR.REF
   1158  DeflatN    203  83%  19-05-88  20:15  02e01fb7 --w-  MISC/OLD-REFS/COPPER.REF
   1158  DeflatN    375  68%  23-05-88  15:31  5fbd1bdf --w-  MISC/OLD-REFS/ICE.REF
   1158  DeflatN    203  83%  29-05-88  14:33  18c8d3a6 --w-  MISC/OLD-REFS/LEAD.REF
   1158  DeflatN    117  90%  19-05-88  20:43  f75afb61 --w-  MISC/OLD-REFS/MAGNESIA.REF
   1158  DeflatN    132  89%  30-05-88  17:15  57ea0733 --w-  MISC/OLD-REFS/MAR-M200.REF
   1158  DeflatN    117  90%  19-05-88  20:43  f75afb61 --w-  MISC/OLD-REFS/MOLYBDM.REF
   1158  DeflatN    203  83%  19-05-88  20:15  02e01fb7 --w-  MISC/OLD-REFS/NICKEL.REF
   1158  DeflatN     36  97%  12-07-88  16:36  37c66921 --w-  MISC/OLD-REFS/PLSTCENE.REF
   1158  DeflatN    300  75%  11-05-89  20:57  69f1b7d6 --w-  MISC/OLD-REFS/ROCKSALT.REF
   1158  DeflatN    219  82%  05-11-88  11:18  11123e4d --w-  MISC/OLD-REFS/SI3N4-1.REF
   1158  DeflatN    288  76%  06-11-88  11:24  4586b921 --w-  MISC/OLD-REFS/SI3N4.REF
   1158  DeflatN    291  75%  06-11-88  11:33  168a9c0b --w-  MISC/OLD-REFS/SIC.REF
   1158  DeflatN    208  83%  30-05-89  17:07  40dbc38b --w-  MISC/OLD-REFS/SILVER.REF
   1158  DeflatN    138  89%  29-05-88  16:29  efaa28ac --w-  MISC/OLD-REFS/SS-304.REF
   1158  DeflatN    117  90%  19-05-88  20:43  f75afb61 --w-  MISC/OLD-REFS/SS-316.REF
   1158  DeflatN    104  92%  29-05-88  14:18  a7649055 --w-  MISC/OLD-REFS/T-STEEL.REF
   1158  DeflatN     37  97%  20-05-88  19:06  0b4ece38 --w-  MISC/OLD-REFS/TI-AL.REF
   1158  DeflatN    100  92%  19-05-88  21:00  75ccdf69 --w-  MISC/OLD-REFS/TIN.REF
   1158  DeflatN    203  83%  19-05-88  20:15  02e01fb7 --w-  MISC/OLD-REFS/TUNGSTEN.REF
   1158  DeflatN    140  88%  19-05-88  20:55  04250730 --w-  MISC/OLD-REFS/URANIA.REF
   1158  DeflatN     59  95%  19-05-88  20:52  3c440a20 --w-  MISC/OLD-REFS/Y-BA-CUO.REF
   1158  DeflatN    106  91%  19-05-88  20:49  ef98d20c --w-  MISC/OLD-REFS/ZIRCONIA.REF
     30  Stored      30   0%  13-01-89  15:54  e58a188b --w-  OLD-BAT/BILD1.BAT
     30  Stored      30   0%  13-01-89  15:54  eed65fb6 --w-  OLD-BAT/MAKE1.BAT
    489  DeflatN    162  67%  06-05-88  20:28  d2a5240c --w-  OLD-BAT/OLIV.BAT
    423  DeflatN    159  63%  06-05-88  20:21  7073c221 --w-  OLD-BAT/DEMO.BAT
 ------          ------  ---                                  -------
1969303          718950  64%                                      237
